<?xml version="1.0" encoding="UTF-8"?>
<!-- Generated by org.testng.reporters.JUnitReportReporter -->
<testsuite hostname="DESKTOP-FDUF1D1" failures="0" tests="4" name="api.test.UserTests" time="10.292" errors="0" timestamp="2023-06-29T22:26:49 IST" skipped="0">
  <testcase classname="api.test.UserTests" name="testPostUser" time="3.721"/>
  <system-out/>
  <testcase classname="api.test.UserTests" name="testGetUser" time="1.968"/>
  <system-out/>
  <testcase classname="api.test.UserTests" name="testPutUser" time="3.083"/>
  <system-out/>
  <testcase classname="api.test.UserTests" name="testDeleteUser" time="1.520"/>
  <system-out/>
</testsuite> <!-- api.test.UserTests -->
