<?xml version="1.0" encoding="UTF-8"?>
<!-- Generated by org.testng.reporters.JUnitReportReporter -->
<testsuite hostname="DESKTOP-FDUF1D1" failures="0" tests="4" name="api.test.UserTests" time="10.438" errors="0" timestamp="2023-06-30T11:42:57 IST" skipped="0">
  <testcase classname="api.test.UserTests" name="testPostUser" time="3.990"/>
  <system-out/>
  <testcase classname="api.test.UserTests" name="testGetUser" time="1.982"/>
  <system-out/>
  <testcase classname="api.test.UserTests" name="testPutUser" time="2.915"/>
  <system-out/>
  <testcase classname="api.test.UserTests" name="testDeleteUser" time="1.551"/>
  <system-out/>
</testsuite> <!-- api.test.UserTests -->
